<?xml version="1.0" encoding="UTF-8"?>
<!-- Generated by org.testng.reporters.JUnitReportReporter -->
<testsuite hostname="DESKTOP-GBF6L5D" failures="0" tests="1" name="com.randomcompany.automation.appium_random_tests.AppiumBasics" time="9.437" errors="0" timestamp="2025-03-22T15:53:59 CST" skipped="0">
  <testcase classname="com.randomcompany.automation.appium_random_tests.AppiumBasics" name="AppiumTest" time="9.437"/>
</testsuite> <!-- com.randomcompany.automation.appium_random_tests.AppiumBasics -->
