<?xml version="1.0" encoding="UTF-8"?>
<!-- Generated by org.testng.reporters.JUnitReportReporter -->
<testsuite hostname="DESKTOP-GBF6L5D" failures="0" tests="1" name="com.randomcompany.automation.appium_random_tests.AppiumBasics" time="5.706" errors="0" timestamp="2025-03-22T14:54:32 CST" skipped="0">
  <testcase classname="com.randomcompany.automation.appium_random_tests.AppiumBasics" name="AppiumTest" time="5.706"/>
</testsuite> <!-- com.randomcompany.automation.appium_random_tests.AppiumBasics -->
